<?xml version="1.0" encoding="UTF-8"?>
<!-- Generated by org.testng.reporters.JUnitReportReporter -->
<testsuite skipped="0" hostname="MCO-910808-L1" name="com.automation.testcases.loginAll" tests="1" failures="0" timestamp="21 Mar 2021 03:58:13 GMT" time="16.470" errors="0">
  <testcase name="loginGmail" time="16.470" classname="com.automation.testcases.loginAll"/>
</testsuite> <!-- com.automation.testcases.loginAll -->
